GoverZachary_CE12/app/build/outputs/logs/manifest-merger-debug-report.txt
-- Merging decision tree log ---
manifest
ADDED from src/main/AndroidManifest.xml:2:1-28:12
	package
		ADDED from src/main/AndroidManifest.xml:4:2-39
		INJECTED from src/main/AndroidManifest.xml
		INJECTED from src/main/AndroidManifest.xml
	xmlns:android
		ADDED from src/main/AndroidManifest.xml:3:2-60
uses-permission#android.permission.ACCESS_NETWORK_STATE
ADDED from src/main/AndroidManifest.xml:6:2-75
	android:name
		ADDED from src/main/AndroidManifest.xml:6:19-73
uses-permission#android.permission.INTERNET
ADDED from src/main/AndroidManifest.xml:7:2-63
	android:name
		ADDED from src/main/AndroidManifest.xml:7:19-61
application
ADDED from src/main/AndroidManifest.xml:9:2-26:16
	android:label
		ADDED from src/main/AndroidManifest.xml:12:3-35
	android:supportsRtl
		ADDED from src/main/AndroidManifest.xml:13:3-29
	android:allowBackup
		ADDED from src/main/AndroidManifest.xml:10:3-29
	android:icon
		ADDED from src/main/AndroidManifest.xml:11:3-39
	android:theme
		ADDED from src/main/AndroidManifest.xml:14:3-73
activity#com.fullsail.android.busted.MainActivity
ADDED from src/main/AndroidManifest.xml:15:3-25:14
	android:screenOrientation
		ADDED from src/main/AndroidManifest.xml:19:4-40
	android:label
		ADDED from src/main/AndroidManifest.xml:17:4-36
	android:configChanges
		ADDED from src/main/AndroidManifest.xml:18:4-39
	android:name
		ADDED from src/main/AndroidManifest.xml:16:4-59
intent-filter#android.intent.action.MAIN+android.intent.category.LAUNCHER
ADDED from src/main/AndroidManifest.xml:20:4-24:20
action#android.intent.action.MAIN
ADDED from src/main/AndroidManifest.xml:21:5-57
	android:name
		ADDED from src/main/AndroidManifest.xml:21:13-54
category#android.intent.category.LAUNCHER
ADDED from src/main/AndroidManifest.xml:23:5-65
	android:name
		ADDED from src/main/AndroidManifest.xml:23:15-62
uses-sdk
INJECTED from src/main/AndroidManifest.xml reason: use-sdk injection requested
	android:targetSdkVersion
		INJECTED from src/main/AndroidManifest.xml
		INJECTED from src/main/AndroidManifest.xml
	android:minSdkVersion
		INJECTED from src/main/AndroidManifest.xml
		INJECTED from src/main/AndroidManifest.xml